::1 - - [25/Mar/2021:10:23:04 +0000] "POST /mailservice/create HTTP/1.1" 200 75 "-" "Mozilla/5.0 (Windows NT 10.0; Win64; x64) AppleWebKit/537.36 (KHTML, like Gecko) Chrome/89.0.4389.90 Safari/537.36"
::1 - - [25/Mar/2021:10:25:31 +0000] "POST /mailservice/create HTTP/1.1" 200 75 "-" "Mozilla/5.0 (Windows NT 10.0; Win64; x64) AppleWebKit/537.36 (KHTML, like Gecko) Chrome/89.0.4389.90 Safari/537.36"
::1 - - [25/Mar/2021:10:25:33 +0000] "POST /mailservice/create HTTP/1.1" 200 75 "-" "Mozilla/5.0 (Windows NT 10.0; Win64; x64) AppleWebKit/537.36 (KHTML, like Gecko) Chrome/89.0.4389.90 Safari/537.36"
::1 - - [25/Mar/2021:10:44:37 +0000] "POST /mailservice/list HTTP/1.1" 500 148 "-" "Mozilla/5.0 (Windows NT 10.0; Win64; x64) AppleWebKit/537.36 (KHTML, like Gecko) Chrome/89.0.4389.90 Safari/537.36"
::1 - - [25/Mar/2021:10:45:28 +0000] "POST /mailservice/list HTTP/1.1" 200 590 "-" "Mozilla/5.0 (Windows NT 10.0; Win64; x64) AppleWebKit/537.36 (KHTML, like Gecko) Chrome/89.0.4389.90 Safari/537.36"
::1 - - [25/Mar/2021:10:46:16 +0000] "POST /mailservice/list HTTP/1.1" 200 40 "-" "Mozilla/5.0 (Windows NT 10.0; Win64; x64) AppleWebKit/537.36 (KHTML, like Gecko) Chrome/89.0.4389.90 Safari/537.36"
::1 - - [25/Mar/2021:10:46:28 +0000] "POST /mailservice/list HTTP/1.1" 200 40 "-" "Mozilla/5.0 (Windows NT 10.0; Win64; x64) AppleWebKit/537.36 (KHTML, like Gecko) Chrome/89.0.4389.90 Safari/537.36"
::1 - - [25/Mar/2021:10:46:34 +0000] "POST /mailservice/list HTTP/1.1" 200 214 "-" "Mozilla/5.0 (Windows NT 10.0; Win64; x64) AppleWebKit/537.36 (KHTML, like Gecko) Chrome/89.0.4389.90 Safari/537.36"
::1 - - [25/Mar/2021:11:07:55 +0000] "POST /mailservice/update HTTP/1.1" 200 322 "-" "Mozilla/5.0 (Windows NT 10.0; Win64; x64) AppleWebKit/537.36 (KHTML, like Gecko) Chrome/89.0.4389.90 Safari/537.36"
::1 - - [25/Mar/2021:11:09:06 +0000] "POST /mailservice/update HTTP/1.1" 200 50 "-" "Mozilla/5.0 (Windows NT 10.0; Win64; x64) AppleWebKit/537.36 (KHTML, like Gecko) Chrome/89.0.4389.90 Safari/537.36"
::1 - - [25/Mar/2021:11:10:42 +0000] "POST /mailservice/delete HTTP/1.1" 200 50 "-" "Mozilla/5.0 (Windows NT 10.0; Win64; x64) AppleWebKit/537.36 (KHTML, like Gecko) Chrome/89.0.4389.90 Safari/537.36"
::1 - - [25/Mar/2021:11:10:49 +0000] "POST /mailservice/delete HTTP/1.1" 200 323 "-" "Mozilla/5.0 (Windows NT 10.0; Win64; x64) AppleWebKit/537.36 (KHTML, like Gecko) Chrome/89.0.4389.90 Safari/537.36"
::1 - - [25/Mar/2021:11:14:44 +0000] "POST /mailservice/remove HTTP/1.1" 200 92 "-" "Mozilla/5.0 (Windows NT 10.0; Win64; x64) AppleWebKit/537.36 (KHTML, like Gecko) Chrome/89.0.4389.90 Safari/537.36"
::1 - - [25/Mar/2021:16:24:49 +0000] "POST /mailservice/create HTTP/1.1" 200 49 "-" "Mozilla/5.0 (Windows NT 10.0; Win64; x64) AppleWebKit/537.36 (KHTML, like Gecko) Chrome/89.0.4389.90 Safari/537.36"
::1 - - [25/Mar/2021:16:25:53 +0000] "POST /mailservice/create HTTP/1.1" 200 49 "-" "Mozilla/5.0 (Windows NT 10.0; Win64; x64) AppleWebKit/537.36 (KHTML, like Gecko) Chrome/89.0.4389.90 Safari/537.36"
::1 - - [25/Mar/2021:16:27:31 +0000] "POST /mailservice/create HTTP/1.1" 500 148 "-" "Mozilla/5.0 (Windows NT 10.0; Win64; x64) AppleWebKit/537.36 (KHTML, like Gecko) Chrome/89.0.4389.90 Safari/537.36"
::1 - - [25/Mar/2021:16:31:41 +0000] "POST /mailservice/create HTTP/1.1" 200 49 "-" "Mozilla/5.0 (Windows NT 10.0; Win64; x64) AppleWebKit/537.36 (KHTML, like Gecko) Chrome/89.0.4389.90 Safari/537.36"
::1 - - [25/Mar/2021:16:32:17 +0000] "POST /mailservice/create HTTP/1.1" 200 49 "-" "Mozilla/5.0 (Windows NT 10.0; Win64; x64) AppleWebKit/537.36 (KHTML, like Gecko) Chrome/89.0.4389.90 Safari/537.36"
::1 - - [25/Mar/2021:16:32:25 +0000] "POST /mailservice/create HTTP/1.1" 200 49 "-" "Mozilla/5.0 (Windows NT 10.0; Win64; x64) AppleWebKit/537.36 (KHTML, like Gecko) Chrome/89.0.4389.90 Safari/537.36"
::1 - - [25/Mar/2021:16:32:59 +0000] "POST /mailservice/create HTTP/1.1" 200 75 "-" "Mozilla/5.0 (Windows NT 10.0; Win64; x64) AppleWebKit/537.36 (KHTML, like Gecko) Chrome/89.0.4389.90 Safari/537.36"
::1 - - [25/Mar/2021:17:27:28 +0000] "POST /mailservice/create HTTP/1.1" 200 75 "-" "Mozilla/5.0 (Windows NT 10.0; Win64; x64) AppleWebKit/537.36 (KHTML, like Gecko) Chrome/89.0.4389.90 Safari/537.36"
::1 - - [25/Mar/2021:17:28:12 +0000] "POST /mailservice/create HTTP/1.1" 200 75 "-" "Mozilla/5.0 (Windows NT 10.0; Win64; x64) AppleWebKit/537.36 (KHTML, like Gecko) Chrome/89.0.4389.90 Safari/537.36"
::1 - - [25/Mar/2021:17:28:49 +0000] "POST /mailservice/create HTTP/1.1" 200 75 "-" "Mozilla/5.0 (Windows NT 10.0; Win64; x64) AppleWebKit/537.36 (KHTML, like Gecko) Chrome/89.0.4389.90 Safari/537.36"
::1 - - [25/Mar/2021:17:32:16 +0000] "POST /mailservice/create HTTP/1.1" 200 76 "-" "Mozilla/5.0 (Windows NT 10.0; Win64; x64) AppleWebKit/537.36 (KHTML, like Gecko) Chrome/89.0.4389.90 Safari/537.36"
::1 - - [25/Mar/2021:17:33:22 +0000] "POST /mailservice/create HTTP/1.1" 200 76 "-" "Mozilla/5.0 (Windows NT 10.0; Win64; x64) AppleWebKit/537.36 (KHTML, like Gecko) Chrome/89.0.4389.90 Safari/537.36"
::1 - - [25/Mar/2021:17:33:43 +0000] "POST /mailservice/create HTTP/1.1" 200 76 "-" "Mozilla/5.0 (Windows NT 10.0; Win64; x64) AppleWebKit/537.36 (KHTML, like Gecko) Chrome/89.0.4389.90 Safari/537.36"
::1 - - [25/Mar/2021:17:34:18 +0000] "POST /mailservice/create HTTP/1.1" 200 76 "-" "Mozilla/5.0 (Windows NT 10.0; Win64; x64) AppleWebKit/537.36 (KHTML, like Gecko) Chrome/89.0.4389.90 Safari/537.36"
::1 - - [25/Mar/2021:17:35:59 +0000] "POST /mailservice/create HTTP/1.1" 200 76 "-" "Mozilla/5.0 (Windows NT 10.0; Win64; x64) AppleWebKit/537.36 (KHTML, like Gecko) Chrome/89.0.4389.90 Safari/537.36"
::1 - - [25/Mar/2021:17:36:52 +0000] "POST /mailservice/create HTTP/1.1" 200 76 "-" "Mozilla/5.0 (Windows NT 10.0; Win64; x64) AppleWebKit/537.36 (KHTML, like Gecko) Chrome/89.0.4389.90 Safari/537.36"
::1 - - [25/Mar/2021:17:38:16 +0000] "POST /mailservice/create HTTP/1.1" 200 76 "-" "Mozilla/5.0 (Windows NT 10.0; Win64; x64) AppleWebKit/537.36 (KHTML, like Gecko) Chrome/89.0.4389.90 Safari/537.36"
::1 - - [25/Mar/2021:17:39:15 +0000] "POST /mailservice/create HTTP/1.1" 200 76 "-" "Mozilla/5.0 (Windows NT 10.0; Win64; x64) AppleWebKit/537.36 (KHTML, like Gecko) Chrome/89.0.4389.90 Safari/537.36"
::1 - - [25/Mar/2021:17:44:56 +0000] "POST /mailservice/create HTTP/1.1" 200 76 "-" "Mozilla/5.0 (Windows NT 10.0; Win64; x64) AppleWebKit/537.36 (KHTML, like Gecko) Chrome/89.0.4389.90 Safari/537.36"
::1 - - [25/Mar/2021:17:46:04 +0000] "POST /mailservice/create HTTP/1.1" 200 76 "-" "Mozilla/5.0 (Windows NT 10.0; Win64; x64) AppleWebKit/537.36 (KHTML, like Gecko) Chrome/89.0.4389.90 Safari/537.36"
::1 - - [25/Mar/2021:17:46:41 +0000] "POST /mailservice/create HTTP/1.1" 200 76 "-" "Mozilla/5.0 (Windows NT 10.0; Win64; x64) AppleWebKit/537.36 (KHTML, like Gecko) Chrome/89.0.4389.90 Safari/537.36"
::1 - - [25/Mar/2021:17:51:21 +0000] "POST /mailservice/create HTTP/1.1" 200 76 "-" "Mozilla/5.0 (Windows NT 10.0; Win64; x64) AppleWebKit/537.36 (KHTML, like Gecko) Chrome/89.0.4389.90 Safari/537.36"
::1 - - [25/Mar/2021:17:52:37 +0000] "POST /mailservice/create HTTP/1.1" 200 76 "-" "Mozilla/5.0 (Windows NT 10.0; Win64; x64) AppleWebKit/537.36 (KHTML, like Gecko) Chrome/89.0.4389.90 Safari/537.36"
::1 - - [25/Mar/2021:17:53:41 +0000] "POST /mailservice/create HTTP/1.1" 200 76 "-" "Mozilla/5.0 (Windows NT 10.0; Win64; x64) AppleWebKit/537.36 (KHTML, like Gecko) Chrome/89.0.4389.90 Safari/537.36"
::1 - - [25/Mar/2021:17:53:56 +0000] "POST /mailservice/create HTTP/1.1" 200 76 "-" "Mozilla/5.0 (Windows NT 10.0; Win64; x64) AppleWebKit/537.36 (KHTML, like Gecko) Chrome/89.0.4389.90 Safari/537.36"
::1 - - [25/Mar/2021:17:54:52 +0000] "POST /mailservice/create HTTP/1.1" 200 76 "-" "Mozilla/5.0 (Windows NT 10.0; Win64; x64) AppleWebKit/537.36 (KHTML, like Gecko) Chrome/89.0.4389.90 Safari/537.36"
::1 - - [25/Mar/2021:17:56:00 +0000] "POST /mailservice/create HTTP/1.1" 200 76 "-" "Mozilla/5.0 (Windows NT 10.0; Win64; x64) AppleWebKit/537.36 (KHTML, like Gecko) Chrome/89.0.4389.90 Safari/537.36"
::1 - - [25/Mar/2021:17:56:58 +0000] "POST /mailservice/create HTTP/1.1" 200 76 "-" "Mozilla/5.0 (Windows NT 10.0; Win64; x64) AppleWebKit/537.36 (KHTML, like Gecko) Chrome/89.0.4389.90 Safari/537.36"
::1 - - [25/Mar/2021:17:57:34 +0000] "POST /mailservice/create HTTP/1.1" 200 76 "-" "Mozilla/5.0 (Windows NT 10.0; Win64; x64) AppleWebKit/537.36 (KHTML, like Gecko) Chrome/89.0.4389.90 Safari/537.36"
::1 - - [25/Mar/2021:18:00:43 +0000] "POST /mailservice/create HTTP/1.1" 200 76 "-" "Mozilla/5.0 (Windows NT 10.0; Win64; x64) AppleWebKit/537.36 (KHTML, like Gecko) Chrome/89.0.4389.90 Safari/537.36"
::1 - - [25/Mar/2021:18:01:26 +0000] "POST /mailservice/create HTTP/1.1" 200 76 "-" "Mozilla/5.0 (Windows NT 10.0; Win64; x64) AppleWebKit/537.36 (KHTML, like Gecko) Chrome/89.0.4389.90 Safari/537.36"
::1 - - [25/Mar/2021:18:03:03 +0000] "POST /mailservice/create HTTP/1.1" 200 76 "-" "Mozilla/5.0 (Windows NT 10.0; Win64; x64) AppleWebKit/537.36 (KHTML, like Gecko) Chrome/89.0.4389.90 Safari/537.36"
::1 - - [25/Mar/2021:18:03:49 +0000] "POST /mailservice/create HTTP/1.1" 200 76 "-" "Mozilla/5.0 (Windows NT 10.0; Win64; x64) AppleWebKit/537.36 (KHTML, like Gecko) Chrome/89.0.4389.90 Safari/537.36"
::1 - - [25/Mar/2021:18:04:29 +0000] "POST /mailservice/create HTTP/1.1" 200 76 "-" "Mozilla/5.0 (Windows NT 10.0; Win64; x64) AppleWebKit/537.36 (KHTML, like Gecko) Chrome/89.0.4389.90 Safari/537.36"
::1 - - [25/Mar/2021:18:05:52 +0000] "POST /mailservice/create HTTP/1.1" 200 76 "-" "Mozilla/5.0 (Windows NT 10.0; Win64; x64) AppleWebKit/537.36 (KHTML, like Gecko) Chrome/89.0.4389.90 Safari/537.36"
::1 - - [25/Mar/2021:18:08:45 +0000] "POST /mailservice/create HTTP/1.1" 200 76 "-" "Mozilla/5.0 (Windows NT 10.0; Win64; x64) AppleWebKit/537.36 (KHTML, like Gecko) Chrome/89.0.4389.90 Safari/537.36"
::1 - - [25/Mar/2021:18:09:24 +0000] "POST /mailservice/create HTTP/1.1" 200 76 "-" "Mozilla/5.0 (Windows NT 10.0; Win64; x64) AppleWebKit/537.36 (KHTML, like Gecko) Chrome/89.0.4389.90 Safari/537.36"
::1 - - [25/Mar/2021:18:09:48 +0000] "POST /mailservice/create HTTP/1.1" 200 76 "-" "Mozilla/5.0 (Windows NT 10.0; Win64; x64) AppleWebKit/537.36 (KHTML, like Gecko) Chrome/89.0.4389.90 Safari/537.36"
::1 - - [25/Mar/2021:18:13:17 +0000] "POST /mailservice/create HTTP/1.1" 200 76 "-" "Mozilla/5.0 (Windows NT 10.0; Win64; x64) AppleWebKit/537.36 (KHTML, like Gecko) Chrome/89.0.4389.90 Safari/537.36"
::1 - - [25/Mar/2021:18:13:24 +0000] "POST /mailservice/create HTTP/1.1" 200 76 "-" "Mozilla/5.0 (Windows NT 10.0; Win64; x64) AppleWebKit/537.36 (KHTML, like Gecko) Chrome/89.0.4389.90 Safari/537.36"
::1 - - [25/Mar/2021:18:22:28 +0000] "POST /mailservice/create HTTP/1.1" 200 75 "-" "Mozilla/5.0 (Windows NT 10.0; Win64; x64) AppleWebKit/537.36 (KHTML, like Gecko) Chrome/89.0.4389.90 Safari/537.36"
::1 - - [25/Mar/2021:18:22:36 +0000] "POST /mailservice/create HTTP/1.1" 200 75 "-" "Mozilla/5.0 (Windows NT 10.0; Win64; x64) AppleWebKit/537.36 (KHTML, like Gecko) Chrome/89.0.4389.90 Safari/537.36"
::1 - - [25/Mar/2021:18:32:37 +0000] "POST /mailservice/create HTTP/1.1" 200 75 "-" "Mozilla/5.0 (Windows NT 10.0; Win64; x64) AppleWebKit/537.36 (KHTML, like Gecko) Chrome/89.0.4389.90 Safari/537.36"
::1 - - [25/Mar/2021:18:34:46 +0000] "POST /mailservice/create HTTP/1.1" 200 75 "-" "Mozilla/5.0 (Windows NT 10.0; Win64; x64) AppleWebKit/537.36 (KHTML, like Gecko) Chrome/89.0.4389.90 Safari/537.36"
::1 - - [25/Mar/2021:18:35:03 +0000] "POST /mailservice/create HTTP/1.1" 200 75 "-" "Mozilla/5.0 (Windows NT 10.0; Win64; x64) AppleWebKit/537.36 (KHTML, like Gecko) Chrome/89.0.4389.90 Safari/537.36"
::1 - - [25/Mar/2021:18:37:49 +0000] "POST /mailservice/create HTTP/1.1" 200 75 "-" "Mozilla/5.0 (Windows NT 10.0; Win64; x64) AppleWebKit/537.36 (KHTML, like Gecko) Chrome/89.0.4389.90 Safari/537.36"
::1 - - [25/Mar/2021:18:38:54 +0000] "POST /mailservice/create HTTP/1.1" 200 75 "-" "Mozilla/5.0 (Windows NT 10.0; Win64; x64) AppleWebKit/537.36 (KHTML, like Gecko) Chrome/89.0.4389.90 Safari/537.36"
::1 - - [25/Mar/2021:18:40:39 +0000] "POST /mailservice/create HTTP/1.1" 200 75 "-" "Mozilla/5.0 (Windows NT 10.0; Win64; x64) AppleWebKit/537.36 (KHTML, like Gecko) Chrome/89.0.4389.90 Safari/537.36"
::1 - - [25/Mar/2021:18:43:22 +0000] "POST /mailservice/create HTTP/1.1" 200 75 "-" "Mozilla/5.0 (Windows NT 10.0; Win64; x64) AppleWebKit/537.36 (KHTML, like Gecko) Chrome/89.0.4389.90 Safari/537.36"
::1 - - [25/Mar/2021:18:45:12 +0000] "POST /mailservice/create HTTP/1.1" 200 76 "-" "Mozilla/5.0 (Windows NT 10.0; Win64; x64) AppleWebKit/537.36 (KHTML, like Gecko) Chrome/89.0.4389.90 Safari/537.36"
::1 - - [25/Mar/2021:18:45:28 +0000] "POST /mailservice/create HTTP/1.1" 200 76 "-" "Mozilla/5.0 (Windows NT 10.0; Win64; x64) AppleWebKit/537.36 (KHTML, like Gecko) Chrome/89.0.4389.90 Safari/537.36"
::1 - - [25/Mar/2021:18:46:51 +0000] "POST /mailservice/create HTTP/1.1" 200 76 "-" "Mozilla/5.0 (Windows NT 10.0; Win64; x64) AppleWebKit/537.36 (KHTML, like Gecko) Chrome/89.0.4389.90 Safari/537.36"
::1 - - [25/Mar/2021:18:50:58 +0000] "POST /mailservice/create HTTP/1.1" 200 76 "-" "Mozilla/5.0 (Windows NT 10.0; Win64; x64) AppleWebKit/537.36 (KHTML, like Gecko) Chrome/89.0.4389.90 Safari/537.36"
::1 - - [25/Mar/2021:18:53:04 +0000] "POST /mailservice/create HTTP/1.1" 200 73 "-" "Mozilla/5.0 (Windows NT 10.0; Win64; x64) AppleWebKit/537.36 (KHTML, like Gecko) Chrome/89.0.4389.90 Safari/537.36"
::1 - - [25/Mar/2021:18:53:45 +0000] "POST /mailservice/create HTTP/1.1" 200 73 "-" "Mozilla/5.0 (Windows NT 10.0; Win64; x64) AppleWebKit/537.36 (KHTML, like Gecko) Chrome/89.0.4389.90 Safari/537.36"
::1 - - [25/Mar/2021:18:54:45 +0000] "POST /mailservice/create HTTP/1.1" 200 73 "-" "Mozilla/5.0 (Windows NT 10.0; Win64; x64) AppleWebKit/537.36 (KHTML, like Gecko) Chrome/89.0.4389.90 Safari/537.36"
::1 - - [25/Mar/2021:18:56:00 +0000] "POST /mailservice/create HTTP/1.1" 200 73 "-" "Mozilla/5.0 (Windows NT 10.0; Win64; x64) AppleWebKit/537.36 (KHTML, like Gecko) Chrome/89.0.4389.90 Safari/537.36"
::1 - - [25/Mar/2021:18:58:13 +0000] "POST /mailservice/create HTTP/1.1" 200 73 "-" "Mozilla/5.0 (Windows NT 10.0; Win64; x64) AppleWebKit/537.36 (KHTML, like Gecko) Chrome/89.0.4389.90 Safari/537.36"
::1 - - [25/Mar/2021:18:59:44 +0000] "POST /mailservice/create HTTP/1.1" 200 73 "-" "Mozilla/5.0 (Windows NT 10.0; Win64; x64) AppleWebKit/537.36 (KHTML, like Gecko) Chrome/89.0.4389.90 Safari/537.36"
::1 - - [25/Mar/2021:19:11:45 +0000] "POST /mailservice/create HTTP/1.1" 200 86 "-" "Mozilla/5.0 (Windows NT 10.0; Win64; x64) AppleWebKit/537.36 (KHTML, like Gecko) Chrome/89.0.4389.90 Safari/537.36"
::1 - - [25/Mar/2021:19:12:19 +0000] "POST /mailservice/create HTTP/1.1" 200 86 "-" "Mozilla/5.0 (Windows NT 10.0; Win64; x64) AppleWebKit/537.36 (KHTML, like Gecko) Chrome/89.0.4389.90 Safari/537.36"
::1 - - [25/Mar/2021:19:23:09 +0000] "POST /mailservice/create HTTP/1.1" 200 86 "-" "Mozilla/5.0 (Windows NT 10.0; Win64; x64) AppleWebKit/537.36 (KHTML, like Gecko) Chrome/89.0.4389.90 Safari/537.36"
::1 - - [25/Mar/2021:19:23:50 +0000] "POST /mailservice/create HTTP/1.1" 200 86 "-" "Mozilla/5.0 (Windows NT 10.0; Win64; x64) AppleWebKit/537.36 (KHTML, like Gecko) Chrome/89.0.4389.90 Safari/537.36"
::1 - - [25/Mar/2021:19:25:58 +0000] "POST /mailservice/create HTTP/1.1" 200 86 "-" "Mozilla/5.0 (Windows NT 10.0; Win64; x64) AppleWebKit/537.36 (KHTML, like Gecko) Chrome/89.0.4389.90 Safari/537.36"
::1 - - [25/Mar/2021:19:28:23 +0000] "POST /mailservice/create HTTP/1.1" 200 86 "-" "Mozilla/5.0 (Windows NT 10.0; Win64; x64) AppleWebKit/537.36 (KHTML, like Gecko) Chrome/89.0.4389.90 Safari/537.36"
::1 - - [25/Mar/2021:19:30:08 +0000] "POST /mailservice/create HTTP/1.1" 200 86 "-" "Mozilla/5.0 (Windows NT 10.0; Win64; x64) AppleWebKit/537.36 (KHTML, like Gecko) Chrome/89.0.4389.90 Safari/537.36"
::1 - - [25/Mar/2021:19:30:26 +0000] "POST /mailservice/create HTTP/1.1" 200 86 "-" "Mozilla/5.0 (Windows NT 10.0; Win64; x64) AppleWebKit/537.36 (KHTML, like Gecko) Chrome/89.0.4389.90 Safari/537.36"
::1 - - [25/Mar/2021:19:46:03 +0000] "POST /mailservice/create HTTP/1.1" 200 86 "-" "Mozilla/5.0 (Windows NT 10.0; Win64; x64) AppleWebKit/537.36 (KHTML, like Gecko) Chrome/89.0.4389.90 Safari/537.36"
::1 - - [25/Mar/2021:19:46:08 +0000] "POST /mailservice/create HTTP/1.1" 200 86 "-" "Mozilla/5.0 (Windows NT 10.0; Win64; x64) AppleWebKit/537.36 (KHTML, like Gecko) Chrome/89.0.4389.90 Safari/537.36"
::1 - - [25/Mar/2021:19:52:44 +0000] "POST /mailservice/create HTTP/1.1" 200 86 "-" "Mozilla/5.0 (Windows NT 10.0; Win64; x64) AppleWebKit/537.36 (KHTML, like Gecko) Chrome/89.0.4389.90 Safari/537.36"
::1 - - [25/Mar/2021:19:52:49 +0000] "POST /mailservice/create HTTP/1.1" 200 86 "-" "Mozilla/5.0 (Windows NT 10.0; Win64; x64) AppleWebKit/537.36 (KHTML, like Gecko) Chrome/89.0.4389.90 Safari/537.36"
::1 - - [25/Mar/2021:19:52:55 +0000] "POST /mailservice/create HTTP/1.1" 200 86 "-" "Mozilla/5.0 (Windows NT 10.0; Win64; x64) AppleWebKit/537.36 (KHTML, like Gecko) Chrome/89.0.4389.90 Safari/537.36"
::1 - - [25/Mar/2021:20:02:30 +0000] "POST /mailservice/create HTTP/1.1" 200 86 "-" "Mozilla/5.0 (Windows NT 10.0; Win64; x64) AppleWebKit/537.36 (KHTML, like Gecko) Chrome/89.0.4389.90 Safari/537.36"
::1 - - [25/Mar/2021:20:02:35 +0000] "POST /mailservice/create HTTP/1.1" 200 86 "-" "Mozilla/5.0 (Windows NT 10.0; Win64; x64) AppleWebKit/537.36 (KHTML, like Gecko) Chrome/89.0.4389.90 Safari/537.36"
::1 - - [25/Mar/2021:20:02:41 +0000] "POST /mailservice/create HTTP/1.1" 200 86 "-" "Mozilla/5.0 (Windows NT 10.0; Win64; x64) AppleWebKit/537.36 (KHTML, like Gecko) Chrome/89.0.4389.90 Safari/537.36"
::1 - - [25/Mar/2021:20:03:23 +0000] "POST /mailservice/create HTTP/1.1" 200 86 "-" "Mozilla/5.0 (Windows NT 10.0; Win64; x64) AppleWebKit/537.36 (KHTML, like Gecko) Chrome/89.0.4389.90 Safari/537.36"
::1 - - [25/Mar/2021:20:03:29 +0000] "POST /mailservice/create HTTP/1.1" 200 86 "-" "Mozilla/5.0 (Windows NT 10.0; Win64; x64) AppleWebKit/537.36 (KHTML, like Gecko) Chrome/89.0.4389.90 Safari/537.36"
::1 - - [25/Mar/2021:20:04:03 +0000] "POST /mailservice/create HTTP/1.1" 200 86 "-" "Mozilla/5.0 (Windows NT 10.0; Win64; x64) AppleWebKit/537.36 (KHTML, like Gecko) Chrome/89.0.4389.90 Safari/537.36"
::1 - - [25/Mar/2021:20:11:16 +0000] "POST /mailservice/create HTTP/1.1" 200 86 "-" "Mozilla/5.0 (Windows NT 10.0; Win64; x64) AppleWebKit/537.36 (KHTML, like Gecko) Chrome/89.0.4389.90 Safari/537.36"
::1 - - [25/Mar/2021:20:11:23 +0000] "POST /mailservice/create HTTP/1.1" 200 86 "-" "Mozilla/5.0 (Windows NT 10.0; Win64; x64) AppleWebKit/537.36 (KHTML, like Gecko) Chrome/89.0.4389.90 Safari/537.36"
::1 - - [25/Mar/2021:20:11:29 +0000] "POST /mailservice/create HTTP/1.1" 200 86 "-" "Mozilla/5.0 (Windows NT 10.0; Win64; x64) AppleWebKit/537.36 (KHTML, like Gecko) Chrome/89.0.4389.90 Safari/537.36"
::1 - - [25/Mar/2021:20:11:33 +0000] "POST /mailservice/create HTTP/1.1" 200 86 "-" "Mozilla/5.0 (Windows NT 10.0; Win64; x64) AppleWebKit/537.36 (KHTML, like Gecko) Chrome/89.0.4389.90 Safari/537.36"
::1 - - [25/Mar/2021:20:11:43 +0000] "POST /mailservice/create HTTP/1.1" 200 86 "-" "Mozilla/5.0 (Windows NT 10.0; Win64; x64) AppleWebKit/537.36 (KHTML, like Gecko) Chrome/89.0.4389.90 Safari/537.36"
::1 - - [25/Mar/2021:20:23:07 +0000] "POST /mailservice/create HTTP/1.1" 200 86 "-" "Mozilla/5.0 (Windows NT 10.0; Win64; x64) AppleWebKit/537.36 (KHTML, like Gecko) Chrome/89.0.4389.90 Safari/537.36"
::1 - - [25/Mar/2021:20:23:07 +0000] "POST /mailservice/create HTTP/1.1" 200 86 "-" "Mozilla/5.0 (Windows NT 10.0; Win64; x64) AppleWebKit/537.36 (KHTML, like Gecko) Chrome/89.0.4389.90 Safari/537.36"
::1 - - [25/Mar/2021:20:23:09 +0000] "POST /mailservice/create HTTP/1.1" 200 86 "-" "Mozilla/5.0 (Windows NT 10.0; Win64; x64) AppleWebKit/537.36 (KHTML, like Gecko) Chrome/89.0.4389.90 Safari/537.36"
::1 - - [25/Mar/2021:20:23:20 +0000] "POST /mailservice/create HTTP/1.1" 200 86 "-" "Mozilla/5.0 (Windows NT 10.0; Win64; x64) AppleWebKit/537.36 (KHTML, like Gecko) Chrome/89.0.4389.90 Safari/537.36"
::1 - - [25/Mar/2021:20:28:31 +0000] "POST /mailservice/create HTTP/1.1" 200 86 "-" "Mozilla/5.0 (Windows NT 10.0; Win64; x64) AppleWebKit/537.36 (KHTML, like Gecko) Chrome/89.0.4389.90 Safari/537.36"
::1 - - [25/Mar/2021:20:28:37 +0000] "POST /mailservice/create HTTP/1.1" 200 86 "-" "Mozilla/5.0 (Windows NT 10.0; Win64; x64) AppleWebKit/537.36 (KHTML, like Gecko) Chrome/89.0.4389.90 Safari/537.36"
::1 - - [25/Mar/2021:20:28:42 +0000] "POST /mailservice/create HTTP/1.1" 200 86 "-" "Mozilla/5.0 (Windows NT 10.0; Win64; x64) AppleWebKit/537.36 (KHTML, like Gecko) Chrome/89.0.4389.90 Safari/537.36"
::1 - - [25/Mar/2021:20:28:54 +0000] "POST /mailservice/create HTTP/1.1" 200 86 "-" "Mozilla/5.0 (Windows NT 10.0; Win64; x64) AppleWebKit/537.36 (KHTML, like Gecko) Chrome/89.0.4389.90 Safari/537.36"
::1 - - [25/Mar/2021:20:34:14 +0000] "POST /mailservice/create HTTP/1.1" 200 86 "-" "Mozilla/5.0 (Windows NT 10.0; Win64; x64) AppleWebKit/537.36 (KHTML, like Gecko) Chrome/89.0.4389.90 Safari/537.36"
::1 - - [25/Mar/2021:20:34:44 +0000] "POST /mailservice/delete HTTP/1.1" 200 307 "-" "Mozilla/5.0 (Windows NT 10.0; Win64; x64) AppleWebKit/537.36 (KHTML, like Gecko) Chrome/89.0.4389.90 Safari/537.36"
::1 - - [25/Mar/2021:20:37:59 +0000] "POST /mailservice/delete HTTP/1.1" 200 50 "-" "Mozilla/5.0 (Windows NT 10.0; Win64; x64) AppleWebKit/537.36 (KHTML, like Gecko) Chrome/89.0.4389.90 Safari/537.36"
::1 - - [25/Mar/2021:20:38:12 +0000] "POST /mailservice/create HTTP/1.1" 200 86 "-" "Mozilla/5.0 (Windows NT 10.0; Win64; x64) AppleWebKit/537.36 (KHTML, like Gecko) Chrome/89.0.4389.90 Safari/537.36"
::1 - - [25/Mar/2021:20:39:09 +0000] "POST /mailservice/create HTTP/1.1" 200 86 "-" "Mozilla/5.0 (Windows NT 10.0; Win64; x64) AppleWebKit/537.36 (KHTML, like Gecko) Chrome/89.0.4389.90 Safari/537.36"
::1 - - [25/Mar/2021:20:39:35 +0000] "POST /mailservice/create HTTP/1.1" 200 86 "-" "Mozilla/5.0 (Windows NT 10.0; Win64; x64) AppleWebKit/537.36 (KHTML, like Gecko) Chrome/89.0.4389.90 Safari/537.36"
::1 - - [25/Mar/2021:20:42:51 +0000] "POST /mailservice/create HTTP/1.1" 200 86 "-" "Mozilla/5.0 (Windows NT 10.0; Win64; x64) AppleWebKit/537.36 (KHTML, like Gecko) Chrome/89.0.4389.90 Safari/537.36"
::1 - - [25/Mar/2021:20:43:00 +0000] "POST /mailservice/create HTTP/1.1" 200 86 "-" "Mozilla/5.0 (Windows NT 10.0; Win64; x64) AppleWebKit/537.36 (KHTML, like Gecko) Chrome/89.0.4389.90 Safari/537.36"
::1 - - [25/Mar/2021:20:43:04 +0000] "POST /mailservice/create HTTP/1.1" 200 86 "-" "Mozilla/5.0 (Windows NT 10.0; Win64; x64) AppleWebKit/537.36 (KHTML, like Gecko) Chrome/89.0.4389.90 Safari/537.36"
::1 - - [25/Mar/2021:20:43:08 +0000] "POST /mailservice/create HTTP/1.1" 200 86 "-" "Mozilla/5.0 (Windows NT 10.0; Win64; x64) AppleWebKit/537.36 (KHTML, like Gecko) Chrome/89.0.4389.90 Safari/537.36"
::1 - - [25/Mar/2021:20:43:20 +0000] "POST /mailservice/list HTTP/1.1" 200 939 "-" "Mozilla/5.0 (Windows NT 10.0; Win64; x64) AppleWebKit/537.36 (KHTML, like Gecko) Chrome/89.0.4389.90 Safari/537.36"
::1 - - [25/Mar/2021:20:43:53 +0000] "POST /mailservice/list HTTP/1.1" 200 40 "-" "Mozilla/5.0 (Windows NT 10.0; Win64; x64) AppleWebKit/537.36 (KHTML, like Gecko) Chrome/89.0.4389.90 Safari/537.36"
::1 - - [25/Mar/2021:20:44:00 +0000] "POST /mailservice/list HTTP/1.1" 200 939 "-" "Mozilla/5.0 (Windows NT 10.0; Win64; x64) AppleWebKit/537.36 (KHTML, like Gecko) Chrome/89.0.4389.90 Safari/537.36"
::1 - - [25/Mar/2021:20:44:12 +0000] "POST /mailservice/list HTTP/1.1" 200 40 "-" "Mozilla/5.0 (Windows NT 10.0; Win64; x64) AppleWebKit/537.36 (KHTML, like Gecko) Chrome/89.0.4389.90 Safari/537.36"
::1 - - [25/Mar/2021:20:45:06 +0000] "POST /mailservice/create HTTP/1.1" 200 86 "-" "Mozilla/5.0 (Windows NT 10.0; Win64; x64) AppleWebKit/537.36 (KHTML, like Gecko) Chrome/89.0.4389.90 Safari/537.36"
::1 - - [25/Mar/2021:20:45:10 +0000] "POST /mailservice/create HTTP/1.1" 200 86 "-" "Mozilla/5.0 (Windows NT 10.0; Win64; x64) AppleWebKit/537.36 (KHTML, like Gecko) Chrome/89.0.4389.90 Safari/537.36"
::1 - - [25/Mar/2021:20:45:15 +0000] "POST /mailservice/create HTTP/1.1" 200 86 "-" "Mozilla/5.0 (Windows NT 10.0; Win64; x64) AppleWebKit/537.36 (KHTML, like Gecko) Chrome/89.0.4389.90 Safari/537.36"
::1 - - [25/Mar/2021:20:46:13 +0000] "POST /mailservice/delete HTTP/1.1" 200 363 "-" "Mozilla/5.0 (Windows NT 10.0; Win64; x64) AppleWebKit/537.36 (KHTML, like Gecko) Chrome/89.0.4389.90 Safari/537.36"
::1 - - [25/Mar/2021:20:46:44 +0000] "POST /mailservice/delete HTTP/1.1" 200 365 "-" "Mozilla/5.0 (Windows NT 10.0; Win64; x64) AppleWebKit/537.36 (KHTML, like Gecko) Chrome/89.0.4389.90 Safari/537.36"
::1 - - [25/Mar/2021:20:47:47 +0000] "POST /mailservice/remove HTTP/1.1" 200 53 "-" "Mozilla/5.0 (Windows NT 10.0; Win64; x64) AppleWebKit/537.36 (KHTML, like Gecko) Chrome/89.0.4389.90 Safari/537.36"
::1 - - [25/Mar/2021:20:51:16 +0000] "POST /mailservice/update HTTP/1.1" 200 364 "-" "Mozilla/5.0 (Windows NT 10.0; Win64; x64) AppleWebKit/537.36 (KHTML, like Gecko) Chrome/89.0.4389.90 Safari/537.36"
